[2025-10-17T18:40:19.836+0000] {local_task_job_runner.py:120} INFO - ::group::Pre task execution logs
[2025-10-17T18:40:19.861+0000] {taskinstance.py:2076} INFO - Dependencies all met for dep_context=non-requeueable deps ti=<TaskInstance: bronze_to_silver.silver_hospital manual__2025-10-17T18:40:15.425190+00:00 [queued]>
[2025-10-17T18:40:19.866+0000] {taskinstance.py:2076} INFO - Dependencies all met for dep_context=requeueable deps ti=<TaskInstance: bronze_to_silver.silver_hospital manual__2025-10-17T18:40:15.425190+00:00 [queued]>
[2025-10-17T18:40:19.866+0000] {taskinstance.py:2306} INFO - Starting attempt 1 of 1
[2025-10-17T18:40:19.872+0000] {taskinstance.py:2330} INFO - Executing <Task(PythonOperator): silver_hospital> on 2025-10-17 18:40:15.425190+00:00
[2025-10-17T18:40:19.878+0000] {logging_mixin.py:188} WARNING - /home/***/.local/lib/python3.12/site-packages/***/task/task_runner/standard_task_runner.py:61 DeprecationWarning: This process (pid=381) is multi-threaded, use of fork() may lead to deadlocks in the child.
[2025-10-17T18:40:19.880+0000] {standard_task_runner.py:63} INFO - Started process 398 to run task
[2025-10-17T18:40:19.881+0000] {standard_task_runner.py:90} INFO - Running: ['***', 'tasks', 'run', 'bronze_to_silver', 'silver_hospital', 'manual__2025-10-17T18:40:15.425190+00:00', '--job-id', '115', '--raw', '--subdir', 'DAGS_FOLDER/silver_transform_dag.py', '--cfg-path', '/tmp/tmpxeuswdwe']
[2025-10-17T18:40:19.885+0000] {standard_task_runner.py:91} INFO - Job 115: Subtask silver_hospital
[2025-10-17T18:40:19.898+0000] {logging_mixin.py:188} WARNING - /home/***/.local/lib/python3.12/site-packages/***/settings.py:195 DeprecationWarning: The sql_alchemy_conn option in [core] has been moved to the sql_alchemy_conn option in [database] - the old setting has been used, but please update your config.
[2025-10-17T18:40:19.933+0000] {task_command.py:426} INFO - Running <TaskInstance: bronze_to_silver.silver_hospital manual__2025-10-17T18:40:15.425190+00:00 [running]> on host 728de341d734
[2025-10-17T18:40:19.993+0000] {taskinstance.py:2648} INFO - Exporting env vars: AIRFLOW_CTX_DAG_OWNER='data-eng' AIRFLOW_CTX_DAG_ID='bronze_to_silver' AIRFLOW_CTX_TASK_ID='silver_hospital' AIRFLOW_CTX_EXECUTION_DATE='2025-10-17T18:40:15.425190+00:00' AIRFLOW_CTX_TRY_NUMBER='1' AIRFLOW_CTX_DAG_RUN_ID='manual__2025-10-17T18:40:15.425190+00:00'
[2025-10-17T18:40:19.995+0000] {taskinstance.py:430} INFO - ::endgroup::
[2025-10-17T18:40:20.003+0000] {connection.py:399} INFO - Snowflake Connector for Python Version: 3.10.1, Python Version: 3.12.4, Platform: Linux-6.10.14-linuxkit-aarch64-with-glibc2.36
[2025-10-17T18:40:20.004+0000] {connection.py:1239} INFO - This connection is in OCSP Fail Open Mode. TLS Certificates would be checked for validity and revocation status. Any other Certificate Revocation related exceptions or OCSP Responder failures would be disregarded in favor of connectivity.
[2025-10-17T18:40:20.693+0000] {cursor.py:1149} INFO - Number of results in first chunk: 1
[2025-10-17T18:40:20.803+0000] {cursor.py:1149} INFO - Number of results in first chunk: 1
[2025-10-17T18:40:20.966+0000] {connection.py:762} INFO - closed
[2025-10-17T18:40:21.047+0000] {connection.py:768} INFO - No async queries seem to be running, deleting session
[2025-10-17T18:40:21.136+0000] {taskinstance.py:441} INFO - ::group::Post task execution logs
[2025-10-17T18:40:21.137+0000] {taskinstance.py:2905} ERROR - Task failed with exception
Traceback (most recent call last):
  File "/home/airflow/.local/lib/python3.12/site-packages/airflow/models/taskinstance.py", line 465, in _execute_task
    result = _execute_callable(context=context, **execute_callable_kwargs)
             ^^^^^^^^^^^^^^^^^^^^^^^^^^^^^^^^^^^^^^^^^^^^^^^^^^^^^^^^^^^^^
  File "/home/airflow/.local/lib/python3.12/site-packages/airflow/models/taskinstance.py", line 432, in _execute_callable
    return execute_callable(context=context, **execute_callable_kwargs)
           ^^^^^^^^^^^^^^^^^^^^^^^^^^^^^^^^^^^^^^^^^^^^^^^^^^^^^^^^^^^^
  File "/home/airflow/.local/lib/python3.12/site-packages/airflow/models/baseoperator.py", line 401, in wrapper
    return func(self, *args, **kwargs)
           ^^^^^^^^^^^^^^^^^^^^^^^^^^^
  File "/home/airflow/.local/lib/python3.12/site-packages/airflow/operators/python.py", line 235, in execute
    return_value = self.execute_callable()
                   ^^^^^^^^^^^^^^^^^^^^^^^
  File "/home/airflow/.local/lib/python3.12/site-packages/airflow/operators/python.py", line 252, in execute_callable
    return self.python_callable(*self.op_args, **self.op_kwargs)
           ^^^^^^^^^^^^^^^^^^^^^^^^^^^^^^^^^^^^^^^^^^^^^^^^^^^^^
  File "/opt/airflow/dags/silver_transform_dag.py", line 37, in run_sql
    cs.execute(stmt)
  File "/home/airflow/.local/lib/python3.12/site-packages/snowflake/connector/cursor.py", line 1080, in execute
    Error.errorhandler_wrapper(self.connection, self, error_class, errvalue)
  File "/home/airflow/.local/lib/python3.12/site-packages/snowflake/connector/errors.py", line 290, in errorhandler_wrapper
    handed_over = Error.hand_to_other_handler(
                  ^^^^^^^^^^^^^^^^^^^^^^^^^^^^
  File "/home/airflow/.local/lib/python3.12/site-packages/snowflake/connector/errors.py", line 345, in hand_to_other_handler
    cursor.errorhandler(connection, cursor, error_class, error_value)
  File "/home/airflow/.local/lib/python3.12/site-packages/snowflake/connector/errors.py", line 221, in default_errorhandler
    raise error_class(
snowflake.connector.errors.ProgrammingError: 001065 (22023): 01bfc6a0-0001-0969-0000-c8f10003640e: SQL compilation error:
Function TRY_CAST cannot be used with arguments of types FLOAT and NUMBER(38,0)
[2025-10-17T18:40:21.142+0000] {taskinstance.py:1206} INFO - Marking task as FAILED. dag_id=bronze_to_silver, task_id=silver_hospital, run_id=manual__2025-10-17T18:40:15.425190+00:00, execution_date=20251017T184015, start_date=20251017T184019, end_date=20251017T184021
[2025-10-17T18:40:21.147+0000] {standard_task_runner.py:110} ERROR - Failed to execute job 115 for task silver_hospital (001065 (22023): 01bfc6a0-0001-0969-0000-c8f10003640e: SQL compilation error:
Function TRY_CAST cannot be used with arguments of types FLOAT and NUMBER(38,0); 398)
[2025-10-17T18:40:21.189+0000] {local_task_job_runner.py:240} INFO - Task exited with return code 1
[2025-10-17T18:40:21.197+0000] {taskinstance.py:3503} INFO - 0 downstream tasks scheduled from follow-on schedule check
[2025-10-17T18:40:21.198+0000] {local_task_job_runner.py:222} INFO - ::endgroup::
