[2025-10-16T01:53:15.325+0000] {local_task_job_runner.py:120} INFO - ::group::Pre task execution logs
[2025-10-16T01:53:15.340+0000] {taskinstance.py:2076} INFO - Dependencies all met for dep_context=non-requeueable deps ti=<TaskInstance: ingest_to_bronze.local_to_parquet manual__2025-10-16T01:53:14.555664+00:00 [queued]>
[2025-10-16T01:53:15.344+0000] {taskinstance.py:2076} INFO - Dependencies all met for dep_context=requeueable deps ti=<TaskInstance: ingest_to_bronze.local_to_parquet manual__2025-10-16T01:53:14.555664+00:00 [queued]>
[2025-10-16T01:53:15.344+0000] {taskinstance.py:2306} INFO - Starting attempt 1 of 1
[2025-10-16T01:53:15.349+0000] {taskinstance.py:2330} INFO - Executing <Task(PythonOperator): local_to_parquet> on 2025-10-16 01:53:14.555664+00:00
[2025-10-16T01:53:15.354+0000] {logging_mixin.py:188} WARNING - /home/***/.local/lib/python3.12/site-packages/***/task/task_runner/standard_task_runner.py:61 DeprecationWarning: This process (pid=186) is multi-threaded, use of fork() may lead to deadlocks in the child.
[2025-10-16T01:53:15.354+0000] {standard_task_runner.py:63} INFO - Started process 189 to run task
[2025-10-16T01:53:15.353+0000] {standard_task_runner.py:90} INFO - Running: ['***', 'tasks', 'run', 'ingest_to_bronze', 'local_to_parquet', 'manual__2025-10-16T01:53:14.555664+00:00', '--job-id', '26', '--raw', '--subdir', 'DAGS_FOLDER/api_ingest_to_bronze_dag.py', '--cfg-path', '/tmp/tmpa0ckec0k']
[2025-10-16T01:53:15.355+0000] {standard_task_runner.py:91} INFO - Job 26: Subtask local_to_parquet
[2025-10-16T01:53:15.366+0000] {logging_mixin.py:188} WARNING - /home/***/.local/lib/python3.12/site-packages/***/settings.py:195 DeprecationWarning: The sql_alchemy_conn option in [core] has been moved to the sql_alchemy_conn option in [database] - the old setting has been used, but please update your config.
[2025-10-16T01:53:15.383+0000] {task_command.py:426} INFO - Running <TaskInstance: ingest_to_bronze.local_to_parquet manual__2025-10-16T01:53:14.555664+00:00 [running]> on host 728de341d734
[2025-10-16T01:53:15.415+0000] {taskinstance.py:2648} INFO - Exporting env vars: AIRFLOW_CTX_DAG_OWNER='***' AIRFLOW_CTX_DAG_ID='ingest_to_bronze' AIRFLOW_CTX_TASK_ID='local_to_parquet' AIRFLOW_CTX_EXECUTION_DATE='2025-10-16T01:53:14.555664+00:00' AIRFLOW_CTX_TRY_NUMBER='1' AIRFLOW_CTX_DAG_RUN_ID='manual__2025-10-16T01:53:14.555664+00:00'
[2025-10-16T01:53:15.415+0000] {taskinstance.py:430} INFO - ::endgroup::
[2025-10-16T01:53:15.425+0000] {logging_mixin.py:188} INFO - [ingest] DATA_DIR=/opt/***/data | encontrados=5 arquivo(s)
[2025-10-16T01:53:15.506+0000] {logging_mixin.py:188} INFO - [ingest] salvo: /opt/***/data_lake/bronze/country_dataset.parquet
[2025-10-16T01:53:28.094+0000] {logging_mixin.py:188} INFO - [ingest] salvo: /opt/***/data_lake/bronze/hospital_dataset.parquet
[2025-10-16T01:53:51.881+0000] {logging_mixin.py:188} INFO - [ingest] salvo: /opt/***/data_lake/bronze/cases_dataset.parquet
[2025-10-16T01:54:04.287+0000] {logging_mixin.py:188} INFO - [ingest] salvo: /opt/***/data_lake/bronze/tests_dataset.parquet
[2025-10-16T01:54:14.551+0000] {logging_mixin.py:188} INFO - [ingest] salvo: /opt/***/data_lake/bronze/vaccination_dataset.parquet
[2025-10-16T01:54:14.556+0000] {python.py:237} INFO - Done. Returned value was: None
[2025-10-16T01:54:14.556+0000] {taskinstance.py:441} INFO - ::group::Post task execution logs
[2025-10-16T01:54:14.588+0000] {taskinstance.py:1206} INFO - Marking task as SUCCESS. dag_id=ingest_to_bronze, task_id=local_to_parquet, run_id=manual__2025-10-16T01:53:14.555664+00:00, execution_date=20251016T015314, start_date=20251016T015315, end_date=20251016T015414
[2025-10-16T01:54:14.610+0000] {local_task_job_runner.py:240} INFO - Task exited with return code 0
[2025-10-16T01:54:14.620+0000] {taskinstance.py:3503} INFO - 1 downstream tasks scheduled from follow-on schedule check
[2025-10-16T01:54:14.621+0000] {local_task_job_runner.py:222} INFO - ::endgroup::
