[2025-10-17T22:01:45.405+0000] {local_task_job_runner.py:120} INFO - ::group::Pre task execution logs
[2025-10-17T22:01:45.417+0000] {taskinstance.py:2076} INFO - Dependencies all met for dep_context=non-requeueable deps ti=<TaskInstance: silver_to_gold.build_fact_covid_daily manual__2025-10-17T22:01:41.258219+00:00 [queued]>
[2025-10-17T22:01:45.420+0000] {taskinstance.py:2076} INFO - Dependencies all met for dep_context=requeueable deps ti=<TaskInstance: silver_to_gold.build_fact_covid_daily manual__2025-10-17T22:01:41.258219+00:00 [queued]>
[2025-10-17T22:01:45.420+0000] {taskinstance.py:2306} INFO - Starting attempt 1 of 1
[2025-10-17T22:01:45.424+0000] {taskinstance.py:2330} INFO - Executing <Task(PythonOperator): build_fact_covid_daily> on 2025-10-17 22:01:41.258219+00:00
[2025-10-17T22:01:45.428+0000] {logging_mixin.py:188} WARNING - /home/***/.local/lib/python3.12/site-packages/***/task/task_runner/standard_task_runner.py:61 DeprecationWarning: This process (pid=212) is multi-threaded, use of fork() may lead to deadlocks in the child.
[2025-10-17T22:01:45.428+0000] {standard_task_runner.py:63} INFO - Started process 215 to run task
[2025-10-17T22:01:45.428+0000] {standard_task_runner.py:90} INFO - Running: ['***', 'tasks', 'run', 'silver_to_gold', 'build_fact_covid_daily', 'manual__2025-10-17T22:01:41.258219+00:00', '--job-id', '149', '--raw', '--subdir', 'DAGS_FOLDER/gold_build_dag.py', '--cfg-path', '/tmp/tmpbv5w_kvz']
[2025-10-17T22:01:45.429+0000] {standard_task_runner.py:91} INFO - Job 149: Subtask build_fact_covid_daily
[2025-10-17T22:01:45.438+0000] {logging_mixin.py:188} WARNING - /home/***/.local/lib/python3.12/site-packages/***/settings.py:195 DeprecationWarning: The sql_alchemy_conn option in [core] has been moved to the sql_alchemy_conn option in [database] - the old setting has been used, but please update your config.
[2025-10-17T22:01:45.449+0000] {task_command.py:426} INFO - Running <TaskInstance: silver_to_gold.build_fact_covid_daily manual__2025-10-17T22:01:41.258219+00:00 [running]> on host 728de341d734
[2025-10-17T22:01:45.480+0000] {taskinstance.py:2648} INFO - Exporting env vars: AIRFLOW_CTX_DAG_OWNER='data-eng' AIRFLOW_CTX_DAG_ID='silver_to_gold' AIRFLOW_CTX_TASK_ID='build_fact_covid_daily' AIRFLOW_CTX_EXECUTION_DATE='2025-10-17T22:01:41.258219+00:00' AIRFLOW_CTX_TRY_NUMBER='1' AIRFLOW_CTX_DAG_RUN_ID='manual__2025-10-17T22:01:41.258219+00:00'
[2025-10-17T22:01:45.481+0000] {taskinstance.py:430} INFO - ::endgroup::
[2025-10-17T22:01:45.486+0000] {connection.py:399} INFO - Snowflake Connector for Python Version: 3.10.1, Python Version: 3.12.4, Platform: Linux-6.10.14-linuxkit-aarch64-with-glibc2.36
[2025-10-17T22:01:45.486+0000] {connection.py:1239} INFO - This connection is in OCSP Fail Open Mode. TLS Certificates would be checked for validity and revocation status. Any other Certificate Revocation related exceptions or OCSP Responder failures would be disregarded in favor of connectivity.
[2025-10-17T22:01:45.908+0000] {cursor.py:1149} INFO - Number of results in first chunk: 1
[2025-10-17T22:01:46.044+0000] {cursor.py:1149} INFO - Number of results in first chunk: 1
[2025-10-17T22:01:48.473+0000] {cursor.py:1149} INFO - Number of results in first chunk: 1
[2025-10-17T22:01:48.810+0000] {cursor.py:1149} INFO - Number of results in first chunk: 1
[2025-10-17T22:01:48.811+0000] {connection.py:762} INFO - closed
[2025-10-17T22:01:48.896+0000] {connection.py:768} INFO - No async queries seem to be running, deleting session
[2025-10-17T22:01:48.987+0000] {python.py:237} INFO - Done. Returned value was: None
[2025-10-17T22:01:48.987+0000] {taskinstance.py:441} INFO - ::group::Post task execution logs
[2025-10-17T22:01:48.993+0000] {taskinstance.py:1206} INFO - Marking task as SUCCESS. dag_id=silver_to_gold, task_id=build_fact_covid_daily, run_id=manual__2025-10-17T22:01:41.258219+00:00, execution_date=20251017T220141, start_date=20251017T220145, end_date=20251017T220148
[2025-10-17T22:01:49.045+0000] {local_task_job_runner.py:240} INFO - Task exited with return code 0
[2025-10-17T22:01:49.066+0000] {local_task_job_runner.py:222} INFO - ::endgroup::
