[2025-10-16T01:10:26.010+0000] {local_task_job_runner.py:120} INFO - ::group::Pre task execution logs
[2025-10-16T01:10:26.023+0000] {taskinstance.py:2076} INFO - Dependencies all met for dep_context=non-requeueable deps ti=<TaskInstance: ingest_to_bronze.parquet_to_snowflake manual__2025-10-16T01:10:23.696413+00:00 [queued]>
[2025-10-16T01:10:26.026+0000] {taskinstance.py:2076} INFO - Dependencies all met for dep_context=requeueable deps ti=<TaskInstance: ingest_to_bronze.parquet_to_snowflake manual__2025-10-16T01:10:23.696413+00:00 [queued]>
[2025-10-16T01:10:26.026+0000] {taskinstance.py:2306} INFO - Starting attempt 1 of 1
[2025-10-16T01:10:26.030+0000] {taskinstance.py:2330} INFO - Executing <Task(PythonOperator): parquet_to_snowflake> on 2025-10-16 01:10:23.696413+00:00
[2025-10-16T01:10:26.034+0000] {logging_mixin.py:188} WARNING - /home/***/.local/lib/python3.12/site-packages/***/task/task_runner/standard_task_runner.py:61 DeprecationWarning: This process (pid=205) is multi-threaded, use of fork() may lead to deadlocks in the child.
[2025-10-16T01:10:26.034+0000] {standard_task_runner.py:63} INFO - Started process 208 to run task
[2025-10-16T01:10:26.034+0000] {standard_task_runner.py:90} INFO - Running: ['***', 'tasks', 'run', 'ingest_to_bronze', 'parquet_to_snowflake', 'manual__2025-10-16T01:10:23.696413+00:00', '--job-id', '9', '--raw', '--subdir', 'DAGS_FOLDER/api_ingest_to_bronze_dag.py', '--cfg-path', '/tmp/tmpd4z_0pnu']
[2025-10-16T01:10:26.036+0000] {standard_task_runner.py:91} INFO - Job 9: Subtask parquet_to_snowflake
[2025-10-16T01:10:26.041+0000] {logging_mixin.py:188} WARNING - /home/***/.local/lib/python3.12/site-packages/***/settings.py:195 DeprecationWarning: The sql_alchemy_conn option in [core] has been moved to the sql_alchemy_conn option in [database] - the old setting has been used, but please update your config.
[2025-10-16T01:10:26.054+0000] {task_command.py:426} INFO - Running <TaskInstance: ingest_to_bronze.parquet_to_snowflake manual__2025-10-16T01:10:23.696413+00:00 [running]> on host 384ae5693a5d
[2025-10-16T01:10:26.083+0000] {taskinstance.py:2648} INFO - Exporting env vars: AIRFLOW_CTX_DAG_OWNER='***' AIRFLOW_CTX_DAG_ID='ingest_to_bronze' AIRFLOW_CTX_TASK_ID='parquet_to_snowflake' AIRFLOW_CTX_EXECUTION_DATE='2025-10-16T01:10:23.696413+00:00' AIRFLOW_CTX_TRY_NUMBER='1' AIRFLOW_CTX_DAG_RUN_ID='manual__2025-10-16T01:10:23.696413+00:00'
[2025-10-16T01:10:26.084+0000] {taskinstance.py:430} INFO - ::endgroup::
[2025-10-16T01:10:26.092+0000] {connection.py:399} INFO - Snowflake Connector for Python Version: 3.10.1, Python Version: 3.12.4, Platform: Linux-6.10.14-linuxkit-aarch64-with-glibc2.36
[2025-10-16T01:10:26.092+0000] {connection.py:1239} INFO - This connection is in OCSP Fail Open Mode. TLS Certificates would be checked for validity and revocation status. Any other Certificate Revocation related exceptions or OCSP Responder failures would be disregarded in favor of connectivity.
[2025-10-16T01:10:27.881+0000] {cursor.py:1149} INFO - Number of results in first chunk: 1
[2025-10-16T01:10:28.041+0000] {cursor.py:1149} INFO - Number of results in first chunk: 1
[2025-10-16T01:10:28.043+0000] {connection.py:762} INFO - closed
[2025-10-16T01:10:28.127+0000] {connection.py:768} INFO - No async queries seem to be running, deleting session
[2025-10-16T01:10:28.216+0000] {python.py:237} INFO - Done. Returned value was: None
[2025-10-16T01:10:28.219+0000] {taskinstance.py:441} INFO - ::group::Post task execution logs
[2025-10-16T01:10:28.234+0000] {taskinstance.py:1206} INFO - Marking task as SUCCESS. dag_id=ingest_to_bronze, task_id=parquet_to_snowflake, run_id=manual__2025-10-16T01:10:23.696413+00:00, execution_date=20251016T011023, start_date=20251016T011026, end_date=20251016T011028
[2025-10-16T01:10:28.256+0000] {local_task_job_runner.py:240} INFO - Task exited with return code 0
[2025-10-16T01:10:28.267+0000] {taskinstance.py:3503} INFO - 0 downstream tasks scheduled from follow-on schedule check
[2025-10-16T01:10:28.268+0000] {local_task_job_runner.py:222} INFO - ::endgroup::
