[2025-10-16T20:49:13.939+0000] {local_task_job_runner.py:120} INFO - ::group::Pre task execution logs
[2025-10-16T20:49:13.950+0000] {taskinstance.py:2076} INFO - Dependencies all met for dep_context=non-requeueable deps ti=<TaskInstance: api_ingest_oxcgrt_to_bronze.load_to_snowflake manual__2025-10-16T20:49:00.267267+00:00 [queued]>
[2025-10-16T20:49:13.953+0000] {taskinstance.py:2076} INFO - Dependencies all met for dep_context=requeueable deps ti=<TaskInstance: api_ingest_oxcgrt_to_bronze.load_to_snowflake manual__2025-10-16T20:49:00.267267+00:00 [queued]>
[2025-10-16T20:49:13.953+0000] {taskinstance.py:2306} INFO - Starting attempt 1 of 2
[2025-10-16T20:49:13.957+0000] {taskinstance.py:2330} INFO - Executing <Task(PythonOperator): load_to_snowflake> on 2025-10-16 20:49:00.267267+00:00
[2025-10-16T20:49:13.961+0000] {logging_mixin.py:188} WARNING - /home/***/.local/lib/python3.12/site-packages/***/task/task_runner/standard_task_runner.py:61 DeprecationWarning: This process (pid=444) is multi-threaded, use of fork() may lead to deadlocks in the child.
[2025-10-16T20:49:13.961+0000] {standard_task_runner.py:63} INFO - Started process 447 to run task
[2025-10-16T20:49:13.961+0000] {standard_task_runner.py:90} INFO - Running: ['***', 'tasks', 'run', 'api_ingest_oxcgrt_to_bronze', 'load_to_snowflake', 'manual__2025-10-16T20:49:00.267267+00:00', '--job-id', '62', '--raw', '--subdir', 'DAGS_FOLDER/api_ingest_to_bronze_dag.py', '--cfg-path', '/tmp/tmpq19vk3uq']
[2025-10-16T20:49:13.962+0000] {standard_task_runner.py:91} INFO - Job 62: Subtask load_to_snowflake
[2025-10-16T20:49:13.968+0000] {logging_mixin.py:188} WARNING - /home/***/.local/lib/python3.12/site-packages/***/settings.py:195 DeprecationWarning: The sql_alchemy_conn option in [core] has been moved to the sql_alchemy_conn option in [database] - the old setting has been used, but please update your config.
[2025-10-16T20:49:13.979+0000] {task_command.py:426} INFO - Running <TaskInstance: api_ingest_oxcgrt_to_bronze.load_to_snowflake manual__2025-10-16T20:49:00.267267+00:00 [running]> on host 728de341d734
[2025-10-16T20:49:14.010+0000] {taskinstance.py:2648} INFO - Exporting env vars: AIRFLOW_CTX_DAG_OWNER='data-eng' AIRFLOW_CTX_DAG_ID='api_ingest_oxcgrt_to_bronze' AIRFLOW_CTX_TASK_ID='load_to_snowflake' AIRFLOW_CTX_EXECUTION_DATE='2025-10-16T20:49:00.267267+00:00' AIRFLOW_CTX_TRY_NUMBER='1' AIRFLOW_CTX_DAG_RUN_ID='manual__2025-10-16T20:49:00.267267+00:00'
[2025-10-16T20:49:14.011+0000] {taskinstance.py:430} INFO - ::endgroup::
[2025-10-16T20:49:14.039+0000] {connection.py:399} INFO - Snowflake Connector for Python Version: 3.10.1, Python Version: 3.12.4, Platform: Linux-6.10.14-linuxkit-aarch64-with-glibc2.36
[2025-10-16T20:49:14.040+0000] {connection.py:1239} INFO - This connection is in OCSP Fail Open Mode. TLS Certificates would be checked for validity and revocation status. Any other Certificate Revocation related exceptions or OCSP Responder failures would be disregarded in favor of connectivity.
[2025-10-16T20:49:14.998+0000] {cursor.py:1149} INFO - Number of results in first chunk: 1
[2025-10-16T20:49:15.209+0000] {cursor.py:1149} INFO - Number of results in first chunk: 1
[2025-10-16T20:49:16.406+0000] {cursor.py:1149} INFO - Number of results in first chunk: 1
[2025-10-16T20:49:17.441+0000] {cursor.py:1149} INFO - Number of results in first chunk: 12
[2025-10-16T20:49:17.867+0000] {cursor.py:1149} INFO - Number of results in first chunk: 1
[2025-10-16T20:49:21.114+0000] {cursor.py:1149} INFO - Number of results in first chunk: 1
[2025-10-16T20:49:21.208+0000] {cursor.py:1149} INFO - Number of results in first chunk: 1
[2025-10-16T20:49:21.324+0000] {cursor.py:1149} INFO - Number of results in first chunk: 1
[2025-10-16T20:49:21.327+0000] {python.py:237} INFO - Done. Returned value was: None
[2025-10-16T20:49:21.328+0000] {taskinstance.py:441} INFO - ::group::Post task execution logs
[2025-10-16T20:49:21.338+0000] {taskinstance.py:1206} INFO - Marking task as SUCCESS. dag_id=api_ingest_oxcgrt_to_bronze, task_id=load_to_snowflake, run_id=manual__2025-10-16T20:49:00.267267+00:00, execution_date=20251016T204900, start_date=20251016T204913, end_date=20251016T204921
[2025-10-16T20:49:21.392+0000] {local_task_job_runner.py:240} INFO - Task exited with return code 0
[2025-10-16T20:49:21.406+0000] {taskinstance.py:3503} INFO - 0 downstream tasks scheduled from follow-on schedule check
[2025-10-16T20:49:21.407+0000] {local_task_job_runner.py:222} INFO - ::endgroup::
