[2025-10-17T00:28:57.646+0000] {local_task_job_runner.py:120} INFO - ::group::Pre task execution logs
[2025-10-17T00:28:57.658+0000] {taskinstance.py:2076} INFO - Dependencies all met for dep_context=non-requeueable deps ti=<TaskInstance: ingest_to_bronze.parquet_to_snowflake manual__2025-10-17T00:27:56.542080+00:00 [queued]>
[2025-10-17T00:28:57.662+0000] {taskinstance.py:2076} INFO - Dependencies all met for dep_context=requeueable deps ti=<TaskInstance: ingest_to_bronze.parquet_to_snowflake manual__2025-10-17T00:27:56.542080+00:00 [queued]>
[2025-10-17T00:28:57.662+0000] {taskinstance.py:2306} INFO - Starting attempt 1 of 1
[2025-10-17T00:28:57.667+0000] {taskinstance.py:2330} INFO - Executing <Task(PythonOperator): parquet_to_snowflake> on 2025-10-17 00:27:56.542080+00:00
[2025-10-17T00:28:57.671+0000] {logging_mixin.py:188} WARNING - /home/***/.local/lib/python3.12/site-packages/***/task/task_runner/standard_task_runner.py:61 DeprecationWarning: This process (pid=303) is multi-threaded, use of fork() may lead to deadlocks in the child.
[2025-10-17T00:28:57.672+0000] {standard_task_runner.py:63} INFO - Started process 306 to run task
[2025-10-17T00:28:57.671+0000] {standard_task_runner.py:90} INFO - Running: ['***', 'tasks', 'run', 'ingest_to_bronze', 'parquet_to_snowflake', 'manual__2025-10-17T00:27:56.542080+00:00', '--job-id', '97', '--raw', '--subdir', 'DAGS_FOLDER/local_ingest_to_bronze_dag.py', '--cfg-path', '/tmp/tmpjg9wjris']
[2025-10-17T00:28:57.672+0000] {standard_task_runner.py:91} INFO - Job 97: Subtask parquet_to_snowflake
[2025-10-17T00:28:57.679+0000] {logging_mixin.py:188} WARNING - /home/***/.local/lib/python3.12/site-packages/***/settings.py:195 DeprecationWarning: The sql_alchemy_conn option in [core] has been moved to the sql_alchemy_conn option in [database] - the old setting has been used, but please update your config.
[2025-10-17T00:28:57.692+0000] {task_command.py:426} INFO - Running <TaskInstance: ingest_to_bronze.parquet_to_snowflake manual__2025-10-17T00:27:56.542080+00:00 [running]> on host 728de341d734
[2025-10-17T00:28:57.725+0000] {taskinstance.py:2648} INFO - Exporting env vars: AIRFLOW_CTX_DAG_OWNER='***' AIRFLOW_CTX_DAG_ID='ingest_to_bronze' AIRFLOW_CTX_TASK_ID='parquet_to_snowflake' AIRFLOW_CTX_EXECUTION_DATE='2025-10-17T00:27:56.542080+00:00' AIRFLOW_CTX_TRY_NUMBER='1' AIRFLOW_CTX_DAG_RUN_ID='manual__2025-10-17T00:27:56.542080+00:00'
[2025-10-17T00:28:57.726+0000] {taskinstance.py:430} INFO - ::endgroup::
[2025-10-17T00:28:57.731+0000] {connection.py:399} INFO - Snowflake Connector for Python Version: 3.10.1, Python Version: 3.12.4, Platform: Linux-6.10.14-linuxkit-aarch64-with-glibc2.36
[2025-10-17T00:28:57.732+0000] {connection.py:1239} INFO - This connection is in OCSP Fail Open Mode. TLS Certificates would be checked for validity and revocation status. Any other Certificate Revocation related exceptions or OCSP Responder failures would be disregarded in favor of connectivity.
[2025-10-17T00:28:58.495+0000] {cursor.py:1149} INFO - Number of results in first chunk: 1
[2025-10-17T00:28:58.607+0000] {cursor.py:1149} INFO - Number of results in first chunk: 1
[2025-10-17T00:28:58.726+0000] {cursor.py:1149} INFO - Number of results in first chunk: 1
[2025-10-17T00:28:58.728+0000] {logging_mixin.py:188} INFO - [snowflake ctx] ('ACCOUNTADMIN', 'COMPUTE_WH', 'COVID_DB', 'BRONZE')
[2025-10-17T00:28:58.730+0000] {logging_mixin.py:188} INFO - [load] BRONZE_DIR=/opt/***/data_lake/bronze | 6 parquet(s)
[2025-10-17T00:28:58.806+0000] {logging_mixin.py:188} INFO - [load] CASES_DATASET cols: ['ISO_CODE', 'CONTINENT', 'LOCATION', 'DATE', 'TOTAL_CASES', 'NEW_CASES', 'NEW_CASES_SMOOTHED', 'TOTAL_DEATHS', 'NEW_DEATHS', 'NEW_DEATHS_SMOOTHED', 'TOTAL_CASES_PER_MILLION', 'NEW_CASES_PER_MILLION', 'NEW_CASES_SMOOTHED_PER_MILLION', 'TOTAL_DEATHS_PER_MILLION', 'NEW_DEATHS_PER_MILLION', 'NEW_DEATHS_SMOOTHED_PER_MILLION']
[2025-10-17T00:28:58.807+0000] {logging_mixin.py:188} INFO - [load] create_sql: CREATE OR REPLACE TABLE "CASES_DATASET" ("ISO_CODE" TEXT, "CONTINENT" TEXT, "LOCATION" TEXT, "DATE" TIMESTAMP_NTZ, "TOTAL_CASES" FLOAT, "NEW_CASES" FLOAT, "NEW_CASES_SMOOTHED" FLOAT, "TOTAL_DEATHS" FLOAT, "NEW_DEATHS" FLOAT, "NEW_DEATHS_SMOOTHED" FLOAT, "TOTAL_CASES_PER_MILLION" FLOAT, "NEW_CASES_PER_MILLION" FLOAT, "NEW_CASES_SMOOTHED_PER_MILLION" FLOAT, "TOTAL_DEATHS_PER_MILLION" FLOAT, "NEW_DEATHS_PER_MILLION" FLOAT, "NEW_DEATHS_SMOOTHED_PER_MILLION" FLOAT)
[2025-10-17T00:28:59.042+0000] {cursor.py:1149} INFO - Number of results in first chunk: 1
[2025-10-17T00:28:59.197+0000] {cursor.py:1149} INFO - Number of results in first chunk: 1
[2025-10-17T00:29:08.108+0000] {cursor.py:1149} INFO - Number of results in first chunk: 1
[2025-10-17T00:29:08.109+0000] {logging_mixin.py:188} INFO - [load] CASES_DATASET: ok=True chunks=1 rows=424793
[2025-10-17T00:29:08.161+0000] {logging_mixin.py:188} INFO - [load] COUNTRY_DATASET cols: ['ISO_CODE', 'POPULATION_DENSITY', 'MEDIAN_AGE', 'AGED_65_OLDER', 'AGED_70_OLDER', 'GDP_PER_CAPITA', 'EXTREME_POVERTY', 'CARDIOVASC_DEATH_RATE', 'DIABETES_PREVALENCE', 'FEMALE_SMOKERS', 'MALE_SMOKERS', 'HANDWASHING_FACILITIES', 'HOSPITAL_BEDS_PER_THOUSAND', 'LIFE_EXPECTANCY', 'HUMAN_DEVELOPMENT_INDEX', 'POPULATION']
[2025-10-17T00:29:08.162+0000] {logging_mixin.py:188} INFO - [load] create_sql: CREATE OR REPLACE TABLE "COUNTRY_DATASET" ("ISO_CODE" TEXT, "POPULATION_DENSITY" TEXT, "MEDIAN_AGE" FLOAT, "AGED_65_OLDER" FLOAT, "AGED_70_OLDER" FLOAT, "GDP_PER_CAPITA" TEXT, "EXTREME_POVERTY" FLOAT, "CARDIOVASC_DEATH_RATE" FLOAT, "DIABETES_PREVALENCE" FLOAT, "FEMALE_SMOKERS" FLOAT, "MALE_SMOKERS" FLOAT, "HANDWASHING_FACILITIES" FLOAT, "HOSPITAL_BEDS_PER_THOUSAND" FLOAT, "LIFE_EXPECTANCY" FLOAT, "HUMAN_DEVELOPMENT_INDEX" FLOAT, "POPULATION" FLOAT)
[2025-10-17T00:29:08.491+0000] {cursor.py:1149} INFO - Number of results in first chunk: 1
[2025-10-17T00:29:08.658+0000] {cursor.py:1149} INFO - Number of results in first chunk: 1
[2025-10-17T00:29:11.407+0000] {cursor.py:1149} INFO - Number of results in first chunk: 1
[2025-10-17T00:29:11.414+0000] {logging_mixin.py:188} INFO - [load] COUNTRY_DATASET: ok=True chunks=1 rows=424777
[2025-10-17T00:29:11.474+0000] {logging_mixin.py:188} INFO - [load] HOSPITAL_DATASET cols: ['ISO_CODE', 'DATE', 'ICU_PATIENTS', 'ICU_PATIENTS_PER_MILLION', 'HOSP_PATIENTS', 'HOSP_PATIENTS_PER_MILLION', 'WEEKLY_ICU_ADMISSIONS', 'WEEKLY_ICU_ADMISSIONS_PER_MILLION', 'WEEKLY_HOSP_ADMISSIONS', 'WEEKLY_HOSP_ADMISSIONS_PER_MILLION']
[2025-10-17T00:29:11.475+0000] {logging_mixin.py:188} INFO - [load] create_sql: CREATE OR REPLACE TABLE "HOSPITAL_DATASET" ("ISO_CODE" TEXT, "DATE" TIMESTAMP_NTZ, "ICU_PATIENTS" FLOAT, "ICU_PATIENTS_PER_MILLION" FLOAT, "HOSP_PATIENTS" FLOAT, "HOSP_PATIENTS_PER_MILLION" FLOAT, "WEEKLY_ICU_ADMISSIONS" FLOAT, "WEEKLY_ICU_ADMISSIONS_PER_MILLION" FLOAT, "WEEKLY_HOSP_ADMISSIONS" FLOAT, "WEEKLY_HOSP_ADMISSIONS_PER_MILLION" FLOAT)
[2025-10-17T00:29:11.777+0000] {cursor.py:1149} INFO - Number of results in first chunk: 1
[2025-10-17T00:29:11.936+0000] {cursor.py:1149} INFO - Number of results in first chunk: 1
[2025-10-17T00:29:15.475+0000] {cursor.py:1149} INFO - Number of results in first chunk: 1
[2025-10-17T00:29:15.477+0000] {logging_mixin.py:188} INFO - [load] HOSPITAL_DATASET: ok=True chunks=1 rows=424793
[2025-10-17T00:29:15.519+0000] {logging_mixin.py:188} INFO - [load] OXCGRT_POLICIES cols: ['ISO_CODE', 'DATE', 'STRINGENCYINDEX', 'C1_SCHOOL_CLOSING', 'C2_WORKPLACE_CLOSING', 'C3_CANCEL_PUBLIC_EVENTS', 'C4_RESTRICTIONS_ON_GATHERINGS', 'C6_STAY_AT_HOME_REQUIREMENTS', 'H1_PUBLIC_INFORMATION_CAMPAIGNS', 'H2_TESTING_POLICY', 'H3_CONTACT_TRACING', 'INGESTED_AT']
[2025-10-17T00:29:15.519+0000] {logging_mixin.py:188} INFO - [load] create_sql: CREATE OR REPLACE TABLE "OXCGRT_POLICIES" ("ISO_CODE" TEXT, "DATE" TIMESTAMP_NTZ, "STRINGENCYINDEX" FLOAT, "C1_SCHOOL_CLOSING" FLOAT, "C2_WORKPLACE_CLOSING" FLOAT, "C3_CANCEL_PUBLIC_EVENTS" FLOAT, "C4_RESTRICTIONS_ON_GATHERINGS" FLOAT, "C6_STAY_AT_HOME_REQUIREMENTS" FLOAT, "H1_PUBLIC_INFORMATION_CAMPAIGNS" FLOAT, "H2_TESTING_POLICY" FLOAT, "H3_CONTACT_TRACING" FLOAT, "INGESTED_AT" TIMESTAMP_NTZ)
[2025-10-17T00:29:15.770+0000] {cursor.py:1149} INFO - Number of results in first chunk: 1
[2025-10-17T00:29:16.200+0000] {cursor.py:1149} INFO - Number of results in first chunk: 1
[2025-10-17T00:29:20.259+0000] {cursor.py:1149} INFO - Number of results in first chunk: 1
[2025-10-17T00:29:20.262+0000] {logging_mixin.py:188} INFO - [load] OXCGRT_POLICIES: ok=True chunks=1 rows=318762
[2025-10-17T00:29:20.307+0000] {logging_mixin.py:188} INFO - [load] TESTS_DATASET cols: ['ISO_CODE', 'DATE', 'TOTAL_TESTS', 'NEW_TESTS', 'NEW_TESTS_PER_THOUSAND', 'NEW_TESTS_SMOOTHED', 'NEW_TESTS_SMOOTHED_PER_THOUSAND', 'POSITIVE_RATE', 'TESTS_UNITS']
[2025-10-17T00:29:20.308+0000] {logging_mixin.py:188} INFO - [load] create_sql: CREATE OR REPLACE TABLE "TESTS_DATASET" ("ISO_CODE" TEXT, "DATE" TIMESTAMP_NTZ, "TOTAL_TESTS" FLOAT, "NEW_TESTS" FLOAT, "NEW_TESTS_PER_THOUSAND" FLOAT, "NEW_TESTS_SMOOTHED" FLOAT, "NEW_TESTS_SMOOTHED_PER_THOUSAND" FLOAT, "POSITIVE_RATE" FLOAT, "TESTS_UNITS" TEXT)
[2025-10-17T00:29:20.630+0000] {cursor.py:1149} INFO - Number of results in first chunk: 1
[2025-10-17T00:29:20.768+0000] {cursor.py:1149} INFO - Number of results in first chunk: 1
[2025-10-17T00:29:24.359+0000] {cursor.py:1149} INFO - Number of results in first chunk: 1
[2025-10-17T00:29:24.365+0000] {logging_mixin.py:188} INFO - [load] TESTS_DATASET: ok=True chunks=1 rows=424793
[2025-10-17T00:29:24.424+0000] {logging_mixin.py:188} INFO - [load] VACCINATION_DATASET cols: ['ISO_CODE', 'DATE', 'TOTAL_VACCINATIONS', 'PEOPLE_VACCINATED', 'PEOPLE_FULLY_VACCINATED', 'TOTAL_BOOSTERS', 'NEW_VACCINATIONS', 'NEW_VACCINATIONS_SMOOTHED', 'TOTAL_VACCINATIONS_PER_HUNDRED', 'PEOPLE_VACCINATED_PER_HUNDRED', 'PEOPLE_FULLY_VACCINATED_PER_HUNDRED', 'TOTAL_BOOSTERS_PER_HUNDRED', 'NEW_VACCINATIONS_SMOOTHED_PER_MILLION', 'NEW_PEOPLE_VACCINATED_SMOOTHED', 'NEW_PEOPLE_VACCINATED_SMOOTHED_PER_HUNDRED']
[2025-10-17T00:29:24.425+0000] {logging_mixin.py:188} INFO - [load] create_sql: CREATE OR REPLACE TABLE "VACCINATION_DATASET" ("ISO_CODE" TEXT, "DATE" TIMESTAMP_NTZ, "TOTAL_VACCINATIONS" FLOAT, "PEOPLE_VACCINATED" FLOAT, "PEOPLE_FULLY_VACCINATED" FLOAT, "TOTAL_BOOSTERS" FLOAT, "NEW_VACCINATIONS" FLOAT, "NEW_VACCINATIONS_SMOOTHED" FLOAT, "TOTAL_VACCINATIONS_PER_HUNDRED" FLOAT, "PEOPLE_VACCINATED_PER_HUNDRED" FLOAT, "PEOPLE_FULLY_VACCINATED_PER_HUNDRED" FLOAT, "TOTAL_BOOSTERS_PER_HUNDRED" FLOAT, "NEW_VACCINATIONS_SMOOTHED_PER_MILLION" FLOAT, "NEW_PEOPLE_VACCINATED_SMOOTHED" FLOAT, "NEW_PEOPLE_VACCINATED_SMOOTHED_PER_HUNDRED" FLOAT)
[2025-10-17T00:29:24.709+0000] {cursor.py:1149} INFO - Number of results in first chunk: 1
[2025-10-17T00:29:24.881+0000] {cursor.py:1149} INFO - Number of results in first chunk: 1
[2025-10-17T00:29:29.484+0000] {cursor.py:1149} INFO - Number of results in first chunk: 1
[2025-10-17T00:29:29.487+0000] {logging_mixin.py:188} INFO - [load] VACCINATION_DATASET: ok=True chunks=1 rows=424793
[2025-10-17T00:29:29.488+0000] {connection.py:762} INFO - closed
[2025-10-17T00:29:29.565+0000] {connection.py:768} INFO - No async queries seem to be running, deleting session
[2025-10-17T00:29:29.646+0000] {python.py:237} INFO - Done. Returned value was: None
[2025-10-17T00:29:29.648+0000] {taskinstance.py:441} INFO - ::group::Post task execution logs
[2025-10-17T00:29:29.670+0000] {taskinstance.py:1206} INFO - Marking task as SUCCESS. dag_id=ingest_to_bronze, task_id=parquet_to_snowflake, run_id=manual__2025-10-17T00:27:56.542080+00:00, execution_date=20251017T002756, start_date=20251017T002857, end_date=20251017T002929
[2025-10-17T00:29:29.747+0000] {local_task_job_runner.py:240} INFO - Task exited with return code 0
[2025-10-17T00:29:29.767+0000] {taskinstance.py:3503} INFO - 0 downstream tasks scheduled from follow-on schedule check
[2025-10-17T00:29:29.768+0000] {local_task_job_runner.py:222} INFO - ::endgroup::
