[2025-10-16T01:57:48.567+0000] {local_task_job_runner.py:120} INFO - ::group::Pre task execution logs
[2025-10-16T01:57:48.581+0000] {taskinstance.py:2076} INFO - Dependencies all met for dep_context=non-requeueable deps ti=<TaskInstance: ingest_to_bronze.local_to_parquet manual__2025-10-16T01:57:47.763155+00:00 [queued]>
[2025-10-16T01:57:48.584+0000] {taskinstance.py:2076} INFO - Dependencies all met for dep_context=requeueable deps ti=<TaskInstance: ingest_to_bronze.local_to_parquet manual__2025-10-16T01:57:47.763155+00:00 [queued]>
[2025-10-16T01:57:48.584+0000] {taskinstance.py:2306} INFO - Starting attempt 1 of 1
[2025-10-16T01:57:48.589+0000] {taskinstance.py:2330} INFO - Executing <Task(PythonOperator): local_to_parquet> on 2025-10-16 01:57:47.763155+00:00
[2025-10-16T01:57:48.595+0000] {logging_mixin.py:188} WARNING - /home/***/.local/lib/python3.12/site-packages/***/task/task_runner/standard_task_runner.py:61 DeprecationWarning: This process (pid=187) is multi-threaded, use of fork() may lead to deadlocks in the child.
[2025-10-16T01:57:48.596+0000] {standard_task_runner.py:63} INFO - Started process 190 to run task
[2025-10-16T01:57:48.595+0000] {standard_task_runner.py:90} INFO - Running: ['***', 'tasks', 'run', 'ingest_to_bronze', 'local_to_parquet', 'manual__2025-10-16T01:57:47.763155+00:00', '--job-id', '30', '--raw', '--subdir', 'DAGS_FOLDER/api_ingest_to_bronze_dag.py', '--cfg-path', '/tmp/tmp20jpgimv']
[2025-10-16T01:57:48.596+0000] {standard_task_runner.py:91} INFO - Job 30: Subtask local_to_parquet
[2025-10-16T01:57:48.604+0000] {logging_mixin.py:188} WARNING - /home/***/.local/lib/python3.12/site-packages/***/settings.py:195 DeprecationWarning: The sql_alchemy_conn option in [core] has been moved to the sql_alchemy_conn option in [database] - the old setting has been used, but please update your config.
[2025-10-16T01:57:48.628+0000] {task_command.py:426} INFO - Running <TaskInstance: ingest_to_bronze.local_to_parquet manual__2025-10-16T01:57:47.763155+00:00 [running]> on host 728de341d734
[2025-10-16T01:57:48.667+0000] {taskinstance.py:2648} INFO - Exporting env vars: AIRFLOW_CTX_DAG_OWNER='***' AIRFLOW_CTX_DAG_ID='ingest_to_bronze' AIRFLOW_CTX_TASK_ID='local_to_parquet' AIRFLOW_CTX_EXECUTION_DATE='2025-10-16T01:57:47.763155+00:00' AIRFLOW_CTX_TRY_NUMBER='1' AIRFLOW_CTX_DAG_RUN_ID='manual__2025-10-16T01:57:47.763155+00:00'
[2025-10-16T01:57:48.667+0000] {taskinstance.py:430} INFO - ::endgroup::
[2025-10-16T01:57:48.676+0000] {logging_mixin.py:188} INFO - [ingest] DATA_DIR=/opt/***/data | encontrados=5 arquivo(s)
[2025-10-16T01:57:49.695+0000] {logging_mixin.py:188} INFO - [ingest] salvo: /opt/***/data_lake/bronze/country_dataset.parquet | cols=['iso_code', 'population_density', 'median_age', 'aged_65_older', 'aged_70_older', 'gdp_per_capita', 'extreme_poverty', 'cardiovasc_death_rate', 'diabetes_prevalence', 'female_smokers', 'male_smokers', 'handwashing_facilities', 'hospital_beds_per_thousand', 'life_expectancy', 'human_development_index', 'population']
[2025-10-16T01:58:02.828+0000] {logging_mixin.py:188} INFO - [ingest] salvo: /opt/***/data_lake/bronze/hospital_dataset.parquet | cols=['iso_code', 'date', 'icu_patients', 'icu_patients_per_million', 'hosp_patients', 'hosp_patients_per_million', 'weekly_icu_admissions', 'weekly_icu_admissions_per_million', 'weekly_hosp_admissions', 'weekly_hosp_admissions_per_million']
[2025-10-16T01:58:27.064+0000] {logging_mixin.py:188} INFO - [ingest] salvo: /opt/***/data_lake/bronze/cases_dataset.parquet | cols=['iso_code', 'continent', 'location', 'date', 'total_cases', 'new_cases', 'new_cases_smoothed', 'total_deaths', 'new_deaths', 'new_deaths_smoothed', 'total_cases_per_million', 'new_cases_per_million', 'new_cases_smoothed_per_million', 'total_deaths_per_million', 'new_deaths_per_million', 'new_deaths_smoothed_per_million']
[2025-10-16T01:58:39.096+0000] {logging_mixin.py:188} INFO - [ingest] salvo: /opt/***/data_lake/bronze/tests_dataset.parquet | cols=['iso_code', 'date', 'total_tests', 'new_tests', 'new_tests_per_thousand', 'new_tests_smoothed', 'new_tests_smoothed_per_thousand', 'positive_rate', 'tests_units']
[2025-10-16T01:58:49.544+0000] {logging_mixin.py:188} INFO - [ingest] salvo: /opt/***/data_lake/bronze/vaccination_dataset.parquet | cols=['iso_code', 'date', 'total_vaccinations', 'people_vaccinated', 'people_fully_vaccinated', 'total_boosters', 'new_vaccinations', 'new_vaccinations_smoothed', 'total_vaccinations_per_hundred', 'people_vaccinated_per_hundred', 'people_fully_vaccinated_per_hundred', 'total_boosters_per_hundred', 'new_vaccinations_smoothed_per_million', 'new_people_vaccinated_smoothed', 'new_people_vaccinated_smoothed_per_hundred']
[2025-10-16T01:58:49.547+0000] {python.py:237} INFO - Done. Returned value was: None
[2025-10-16T01:58:49.547+0000] {taskinstance.py:441} INFO - ::group::Post task execution logs
[2025-10-16T01:58:49.577+0000] {taskinstance.py:1206} INFO - Marking task as SUCCESS. dag_id=ingest_to_bronze, task_id=local_to_parquet, run_id=manual__2025-10-16T01:57:47.763155+00:00, execution_date=20251016T015747, start_date=20251016T015748, end_date=20251016T015849
[2025-10-16T01:58:49.631+0000] {local_task_job_runner.py:240} INFO - Task exited with return code 0
[2025-10-16T01:58:49.644+0000] {taskinstance.py:3503} INFO - 1 downstream tasks scheduled from follow-on schedule check
[2025-10-16T01:58:49.644+0000] {local_task_job_runner.py:222} INFO - ::endgroup::
